<?xml version="1.0" encoding="utf-8"?><testsuites name="pytest tests"><testsuite name="pytest" errors="0" failures="1" skipped="0" tests="33" time="5.098" timestamp="2026-05-03T12:29:34.729999+00:00" hostname="agent-env-17426614-1ba4-48ff-b410-523c6b441324"><testcase classname="backend.tests.test_billing_fusionpbx" name="test_regression_auth_me" time="0.602" /><testcase classname="backend.tests.test_billing_fusionpbx" name="test_regression_login_invalid" time="0.107" /><testcase classname="backend.tests.test_billing_fusionpbx" name="test_regression_tenants_list" time="0.048" /><testcase classname="backend.tests.test_billing_fusionpbx" name="test_regression_plans_list" time="0.046" /><testcase classname="backend.tests.test_billing_fusionpbx" name="test_regression_features_catalog_28" time="0.047" /><testcase classname="backend.tests.test_billing_fusionpbx" name="test_regression_billing_settings_masking" time="0.149" /><testcase classname="backend.tests.test_billing_fusionpbx" name="test_regression_dashboard_stats" time="0.156" /><testcase classname="backend.tests.test_billing_fusionpbx" name="test_regression_realtime_calls" time="0.110" /><testcase classname="backend.tests.test_billing_fusionpbx" name="test_regression_recordings" time="0.150" /><testcase classname="backend.tests.test_billing_fusionpbx" name="test_regression_users_list_tenant_admin" time="0.488" /><testcase classname="backend.tests.test_billing_fusionpbx" name="test_charges_list_initial" time="0.050" /><testcase classname="backend.tests.test_billing_fusionpbx" name="test_charges_list_filter_by_tenant" time="0.045" /><testcase classname="backend.tests.test_billing_fusionpbx" name="test_charges_get_invalid_id_404" time="0.045" /><testcase classname="backend.tests.test_billing_fusionpbx" name="test_charges_sync_invalid_id_404" time="0.050" /><testcase classname="backend.tests.test_billing_fusionpbx" name="test_charges_create_unknown_tenant_404" time="0.045" /><testcase classname="backend.tests.test_billing_fusionpbx" name="test_charges_create_asaas_pix_requires_config_or_returns_502" time="0.370" /><testcase classname="backend.tests.test_billing_fusionpbx" name="test_charges_create_asaas_invalid_method_400" time="0.047" /><testcase classname="backend.tests.test_billing_fusionpbx" name="test_charges_create_asaas_missing_cpf_400" time="0.050" /><testcase classname="backend.tests.test_billing_fusionpbx" name="test_charges_create_paypal_not_configured_400" time="0.093" /><testcase classname="backend.tests.test_billing_fusionpbx" name="test_charges_create_unknown_gateway_400" time="0.044" /><testcase classname="backend.tests.test_billing_fusionpbx" name="test_webhook_asaas_public_accepts_json" time="0.146" /><testcase classname="backend.tests.test_billing_fusionpbx" name="test_webhook_paypal_public_accepts_json" time="0.118" /><testcase classname="backend.tests.test_billing_fusionpbx" name="test_webhook_asaas_invalid_body_handled_gracefully" time="0.737"><failure message="AssertionError: webhook 5xx on bad body: 500 Internal Server Error&#10;assert 500 &lt; 500&#10; +  where 500 = &lt;Response [500]&gt;.status_code">backend/tests/test_billing_fusionpbx.py:260: in test_webhook_asaas_invalid_body_handled_gracefully
    assert r.status_code &lt; 500, f"webhook 5xx on bad body: {r.status_code} {r.text}"
E   AssertionError: webhook 5xx on bad body: 500 Internal Server Error
E   assert 500 &lt; 500
E    +  where 500 = &lt;Response [500]&gt;.status_code</failure></testcase><testcase classname="backend.tests.test_billing_fusionpbx" name="test_fusionpbx_settings_super_no_tenant_400" time="0.045" /><testcase classname="backend.tests.test_billing_fusionpbx" name="test_fusionpbx_settings_super_with_tenant_200" time="0.046" /><testcase classname="backend.tests.test_billing_fusionpbx" name="test_fusionpbx_settings_tenant_admin_self" time="0.052" /><testcase classname="backend.tests.test_billing_fusionpbx" name="test_fusionpbx_settings_agent_403" time="0.491" /><testcase classname="backend.tests.test_billing_fusionpbx" name="test_fusionpbx_settings_put_then_get" time="0.093" /><testcase classname="backend.tests.test_billing_fusionpbx" name="test_fusionpbx_test_no_base_url_400" time="0.144" /><testcase classname="backend.tests.test_billing_fusionpbx" name="test_fusionpbx_test_invalid_host_502" time="0.069" /><testcase classname="backend.tests.test_billing_fusionpbx" name="test_fusionpbx_sync_disabled_400" time="0.093" /><testcase classname="backend.tests.test_billing_fusionpbx" name="test_fusionpbx_sync_agent_403" time="0.046" /><testcase classname="backend.tests.test_billing_fusionpbx" name="test_fusionpbx_sync_super_no_tenant_400" time="0.046" /></testsuite></testsuites>