<?xml version="1.0" encoding="utf-8"?><testsuites name="pytest tests"><testsuite name="pytest" errors="0" failures="0" skipped="0" tests="12" time="1.466" timestamp="2026-05-02T18:43:13.613167+00:00" hostname="agent-env-17426614-1ba4-48ff-b410-523c6b441324"><testcase classname="backend.tests.test_callcenter_api" name="test_login_invalid" time="0.218" /><testcase classname="backend.tests.test_callcenter_api" name="test_auth_me" time="0.400" /><testcase classname="backend.tests.test_callcenter_api" name="test_protected_no_token" time="0.141" /><testcase classname="backend.tests.test_callcenter_api" name="test_dashboard_stats" time="0.048" /><testcase classname="backend.tests.test_callcenter_api" name="test_realtime_calls" time="0.045" /><testcase classname="backend.tests.test_callcenter_api" name="test_list_agents" time="0.042" /><testcase classname="backend.tests.test_callcenter_api" name="test_agent_detail" time="0.088" /><testcase classname="backend.tests.test_callcenter_api" name="test_queues" time="0.050" /><testcase classname="backend.tests.test_callcenter_api" name="test_recordings" time="0.047" /><testcase classname="backend.tests.test_callcenter_api" name="test_recordings_filter_agent" time="0.095" /><testcase classname="backend.tests.test_callcenter_api" name="test_recordings_search" time="0.096" /><testcase classname="backend.tests.test_callcenter_api" name="test_reports_agents" time="0.056" /></testsuite></testsuites>