<?xml version="1.0" encoding="utf-8"?><testsuites name="pytest tests"><testsuite name="pytest" errors="0" failures="0" skipped="0" tests="25" time="2.698" timestamp="2026-05-02T19:21:39.583368+00:00" hostname="agent-env-17426614-1ba4-48ff-b410-523c6b441324"><testcase classname="backend.tests.test_callcenter_api" name="test_login_invalid" time="0.236" /><testcase classname="backend.tests.test_callcenter_api" name="test_auth_me" time="0.431" /><testcase classname="backend.tests.test_callcenter_api" name="test_protected_no_token" time="0.144" /><testcase classname="backend.tests.test_callcenter_api" name="test_cors_preflight_login" time="0.068" /><testcase classname="backend.tests.test_callcenter_api" name="test_dashboard_stats" time="0.061" /><testcase classname="backend.tests.test_callcenter_api" name="test_dashboard_abandoned" time="0.061" /><testcase classname="backend.tests.test_callcenter_api" name="test_realtime_calls" time="0.057" /><testcase classname="backend.tests.test_callcenter_api" name="test_list_agents" time="0.061" /><testcase classname="backend.tests.test_callcenter_api" name="test_agent_detail" time="0.115" /><testcase classname="backend.tests.test_callcenter_api" name="test_queues" time="0.052" /><testcase classname="backend.tests.test_callcenter_api" name="test_recordings" time="0.067" /><testcase classname="backend.tests.test_callcenter_api" name="test_reports_agents_legacy" time="0.059" /><testcase classname="backend.tests.test_callcenter_api" name="test_reports_types" time="0.052" /><testcase classname="backend.tests.test_callcenter_api" name="test_reports_data_each_type[agents-8]" time="0.098" /><testcase classname="backend.tests.test_callcenter_api" name="test_reports_data_each_type[queues-4]" time="0.055" /><testcase classname="backend.tests.test_callcenter_api" name="test_reports_data_each_type[calls-1]" time="0.057" /><testcase classname="backend.tests.test_callcenter_api" name="test_reports_data_each_type[abandoned-1]" time="0.056" /><testcase classname="backend.tests.test_callcenter_api" name="test_reports_data_each_type[recordings-1]" time="0.054" /><testcase classname="backend.tests.test_callcenter_api" name="test_reports_data_each_type[hourly-24]" time="0.053" /><testcase classname="backend.tests.test_callcenter_api" name="test_reports_data_invalid_type" time="0.048" /><testcase classname="backend.tests.test_callcenter_api" name="test_reports_data_calls_filter_agent" time="0.106" /><testcase classname="backend.tests.test_callcenter_api" name="test_reports_data_calls_filter_queue" time="0.130" /><testcase classname="backend.tests.test_callcenter_api" name="test_reports_export_xlsx" time="0.256" /><testcase classname="backend.tests.test_callcenter_api" name="test_reports_export_pdf" time="0.144" /><testcase classname="backend.tests.test_callcenter_api" name="test_reports_export_invalid_format" time="0.060" /></testsuite></testsuites>